17:19:11 **** Incremental Build of configuration Debug for project stm32f407_drivers ****
make -j16 all 
arm-none-eabi-gcc "../drivers/Src/stm32f407xx_gpio_driver.c" -mcpu=cortex-m4 -std=gnu11 -g3 -DDEBUG -DSTM32 -DSTM32F407G_DISC1 -DSTM32F4 -DSTM32F407VGTx -c -I../Inc -I"D:/ST-IDE/Workspace/part-2(drivers_from_scratch)/stm32f407_drivers/drivers/Inc" -O0 -ffunction-sections -fdata-sections -Wall -fstack-usage -MMD -MP -MF"drivers/Src/stm32f407xx_gpio_driver.d" -MT"drivers/Src/stm32f407xx_gpio_driver.o" --specs=nano.specs -mfloat-abi=soft -mthumb -o "drivers/Src/stm32f407xx_gpio_driver.o"
arm-none-eabi-gcc "../drivers/Src/stm32f407xx_spi_driver.c" -mcpu=cortex-m4 -std=gnu11 -g3 -DDEBUG -DSTM32 -DSTM32F407G_DISC1 -DSTM32F4 -DSTM32F407VGTx -c -I../Inc -I"D:/ST-IDE/Workspace/part-2(drivers_from_scratch)/stm32f407_drivers/drivers/Inc" -O0 -ffunction-sections -fdata-sections -Wall -fstack-usage -MMD -MP -MF"drivers/Src/stm32f407xx_spi_driver.d" -MT"drivers/Src/stm32f407xx_spi_driver.o" --specs=nano.specs -mfloat-abi=soft -mthumb -o "drivers/Src/stm32f407xx_spi_driver.o"
arm-none-eabi-gcc -mcpu=cortex-m4 -g3 -DDEBUG -c -x assembler-with-cpp -MMD -MP -MF"Startup/startup_stm32f407vgtx.d" -MT"Startup/startup_stm32f407vgtx.o" --specs=nano.specs -mfloat-abi=soft -mthumb -o "Startup/startup_stm32f407vgtx.o" "../Startup/startup_stm32f407vgtx.s"
arm-none-eabi-gcc "../Src/009spi_message_rcv_it_instructor_code.c" -mcpu=cortex-m4 -std=gnu11 -g3 -DDEBUG -DSTM32 -DSTM32F407G_DISC1 -DSTM32F4 -DSTM32F407VGTx -c -I../Inc -I"D:/ST-IDE/Workspace/part-2(drivers_from_scratch)/stm32f407_drivers/drivers/Inc" -O0 -ffunction-sections -fdata-sections -Wall -fstack-usage -MMD -MP -MF"Src/009spi_message_rcv_it_instructor_code.d" -MT"Src/009spi_message_rcv_it_instructor_code.o" --specs=nano.specs -mfloat-abi=soft -mthumb -o "Src/009spi_message_rcv_it_instructor_code.o"
arm-none-eabi-gcc "../Src/syscalls.c" -mcpu=cortex-m4 -std=gnu11 -g3 -DDEBUG -DSTM32 -DSTM32F407G_DISC1 -DSTM32F4 -DSTM32F407VGTx -c -I../Inc -I"D:/ST-IDE/Workspace/part-2(drivers_from_scratch)/stm32f407_drivers/drivers/Inc" -O0 -ffunction-sections -fdata-sections -Wall -fstack-usage -MMD -MP -MF"Src/syscalls.d" -MT"Src/syscalls.o" --specs=nano.specs -mfloat-abi=soft -mthumb -o "Src/syscalls.o"
arm-none-eabi-gcc "../Src/sysmem.c" -mcpu=cortex-m4 -std=gnu11 -g3 -DDEBUG -DSTM32 -DSTM32F407G_DISC1 -DSTM32F4 -DSTM32F407VGTx -c -I../Inc -I"D:/ST-IDE/Workspace/part-2(drivers_from_scratch)/stm32f407_drivers/drivers/Inc" -O0 -ffunction-sections -fdata-sections -Wall -fstack-usage -MMD -MP -MF"Src/sysmem.d" -MT"Src/sysmem.o" --specs=nano.specs -mfloat-abi=soft -mthumb -o "Src/sysmem.o"
../Src/009spi_message_rcv_it_instructor_code.c: In function 'Slave_GPIO_InterruptPinInit':
../Src/009spi_message_rcv_it_instructor_code.c:116:2: warning: implicit declaration of function 'GPIO_IRQPriorityConfig'; did you mean 'GPIO_IRQ_Priority_Config'? [-Wimplicit-function-declaration]
  116 |  GPIO_IRQPriorityConfig(IRQ_NO_EXTI9_5,NVIC_IRQ_PRI15);
      |  ^~~~~~~~~~~~~~~~~~~~~~
      |  GPIO_IRQ_Priority_Config
../Src/009spi_message_rcv_it_instructor_code.c:117:2: warning: implicit declaration of function 'GPIO_IRQInterruptConfig'; did you mean 'GPIO_IRQ_Interrupt_Config'? [-Wimplicit-function-declaration]
  117 |  GPIO_IRQInterruptConfig(IRQ_NO_EXTI9_5,ENABLE);
      |  ^~~~~~~~~~~~~~~~~~~~~~~
      |  GPIO_IRQ_Interrupt_Config
../Src/009spi_message_rcv_it_instructor_code.c: In function 'main':
../Src/009spi_message_rcv_it_instructor_code.c:143:2: warning: implicit declaration of function 'SPI_IRQInterruptConfig'; did you mean 'SPI_IRQ_Interrupt_Config'? [-Wimplicit-function-declaration]
  143 |  SPI_IRQInterruptConfig(IRQ_NO_SPI2,ENABLE);
      |  ^~~~~~~~~~~~~~~~~~~~~~
      |  SPI_IRQ_Interrupt_Config
../Src/009spi_message_rcv_it_instructor_code.c:161:42: warning: passing argument 2 of 'SPI_ReceiveDataIT' discards 'volatile' qualifier from pointer target type [-Wdiscarded-qualifiers]
  161 |    while ( SPI_ReceiveDataIT(&SPI2handle,&ReadByte,1) == SPI_BUSY_IN_RX );
      |                                          ^~~~~~~~~
In file included from D:/ST-IDE/Workspace/part-2(drivers_from_scratch)/stm32f407_drivers/drivers/Inc/stm32f407xx.h:485,
                 from ../Src/009spi_message_rcv_it_instructor_code.c:25:
D:/ST-IDE/Workspace/part-2(drivers_from_scratch)/stm32f407_drivers/drivers/Inc/stm32f407xx_spi_driver.h:146:62: note: expected 'uint8_t *' {aka 'unsigned char *'} but argument is of type 'volatile char *'
  146 | uint8_t SPI_ReceiveDataIT(SPI_Handle_t *pSPIHandle, uint8_t *pRxBuffer,uint32_t Len);
      |                                                     ~~~~~~~~~^~~~~~~~~
arm-none-eabi-gcc -o "stm32f407_drivers.elf" @"objects.list"   -mcpu=cortex-m4 -T"D:\ST-IDE\Workspace\part-2(drivers_from_scratch)\stm32f407_drivers\STM32F407VGTX_FLASH.ld" --specs=nosys.specs -Wl,-Map="stm32f407_drivers.map" -Wl,--gc-sections -static --specs=nano.specs -mfloat-abi=soft -mthumb -Wl,--start-group -lc -lm -Wl,--end-group
c:\st\stm32cubeide_1.10.1\stm32cubeide\plugins\com.st.stm32cube.ide.mcu.externaltools.gnu-tools-for-stm32.10.3-2021.10.win32_1.0.0.202111181127\tools\arm-none-eabi\bin\ld.exe: ./Src/009spi_message_rcv_it_instructor_code.o: in function `Slave_GPIO_InterruptPinInit':
D:/ST-IDE/Workspace/part-2(drivers_from_scratch)/stm32f407_drivers/Debug/../Src/009spi_message_rcv_it_instructor_code.c:116: undefined reference to `GPIO_IRQPriorityConfig'
c:\st\stm32cubeide_1.10.1\stm32cubeide\plugins\com.st.stm32cube.ide.mcu.externaltools.gnu-tools-for-stm32.10.3-2021.10.win32_1.0.0.202111181127\tools\arm-none-eabi\bin\ld.exe: D:/ST-IDE/Workspace/part-2(drivers_from_scratch)/stm32f407_drivers/Debug/../Src/009spi_message_rcv_it_instructor_code.c:117: undefined reference to `GPIO_IRQInterruptConfig'
c:\st\stm32cubeide_1.10.1\stm32cubeide\plugins\com.st.stm32cube.ide.mcu.externaltools.gnu-tools-for-stm32.10.3-2021.10.win32_1.0.0.202111181127\tools\arm-none-eabi\bin\ld.exe: ./Src/009spi_message_rcv_it_instructor_code.o: in function `main':
D:/ST-IDE/Workspace/part-2(drivers_from_scratch)/stm32f407_drivers/Debug/../Src/009spi_message_rcv_it_instructor_code.c:143: undefined reference to `SPI_IRQInterruptConfig'
c:\st\stm32cubeide_1.10.1\stm32cubeide\plugins\com.st.stm32cube.ide.mcu.externaltools.gnu-tools-for-stm32.10.3-2021.10.win32_1.0.0.202111181127\tools\arm-none-eabi\bin\ld.exe: D:/ST-IDE/Workspace/part-2(drivers_from_scratch)/stm32f407_drivers/Debug/../Src/009spi_message_rcv_it_instructor_code.c:151: undefined reference to `GPIO_IRQInterruptConfig'
c:\st\stm32cubeide_1.10.1\stm32cubeide\plugins\com.st.stm32cube.ide.mcu.externaltools.gnu-tools-for-stm32.10.3-2021.10.win32_1.0.0.202111181127\tools\arm-none-eabi\bin\ld.exe: D:/ST-IDE/Workspace/part-2(drivers_from_scratch)/stm32f407_drivers/Debug/../Src/009spi_message_rcv_it_instructor_code.c:175: undefined reference to `GPIO_IRQInterruptConfig'
collect2.exe: error: ld returned 1 exit status
make: *** [makefile:64: stm32f407_drivers.elf] Error 1
"make -j16 all" terminated with exit code 2. Build might be incomplete.

17:19:12 Build Failed. 8 errors, 4 warnings. (took 760ms)

